<?xml version="1.0" encoding="utf-8"?>
<!DOCTYPE coverage SYSTEM "http://cobertura.sourceforge.net/xml/coverage-04.dtd">
<coverage line-rate="1" branch-rate="1" lines-covered="35" lines-valid="35" branches-covered="0" branches-valid="0" complexity="10" version="0" timestamp="1758131273">
  <sources>
    <source>D:\Git\WeatherAPIS\WeatherAPIS\</source>
  </sources>
  <packages>
    <package name="Weather.Commons" line-rate="1" branch-rate="1" complexity="2">
      <classes>
        <class name="Weather.Commons.DatabaseProvider" filename="D:\Git\WeatherAPIS\WeatherAPIS\Commons\DatabaseProvider.cs" line-rate="1" branch-rate="1" complexity="2">
          <methods>
            <method name="get_ADF_Db" signature="()" line-rate="1" branch-rate="1" complexity="1">
              <lines>
                <line number="18" hits="3" branch="false" />
              </lines>
            </method>
            <method name=".cctor" signature="()" line-rate="1" branch-rate="1" complexity="1">
              <lines>
                <line number="11" hits="1" branch="false" />
                <line number="12" hits="1" branch="false" />
                <line number="13" hits="1" branch="false" />
              </lines>
            </method>
          </methods>
          <lines>
            <line number="11" hits="1" branch="false" />
            <line number="12" hits="1" branch="false" />
            <line number="13" hits="1" branch="false" />
            <line number="18" hits="3" branch="false" />
          </lines>
        </class>
      </classes>
    </package>
    <package name="Weather.Operations" line-rate="1" branch-rate="1" complexity="4">
      <classes>
        <class name="Weather.Operations.Sources" filename="D:\Git\WeatherAPIS\WeatherAPIS\Operations\Sources.cs" line-rate="1" branch-rate="1" complexity="4">
          <methods>
            <method name="GetByIdService" signature="(Weather.Operations.Entities.SourceRequestEntity)" line-rate="1" branch-rate="1" complexity="1">
              <lines>
                <line number="39" hits="2" branch="false" />
                <line number="41" hits="2" branch="false" />
                <line number="43" hits="2" branch="false" />
                <line number="44" hits="2" branch="false" />
              </lines>
            </method>
            <method name="GetService" signature="()" line-rate="1" branch-rate="1" complexity="1">
              <lines>
                <line number="48" hits="2" branch="false" />
                <line number="50" hits="2" branch="false" />
                <line number="52" hits="2" branch="false" />
                <line number="54" hits="2" branch="false" />
                <line number="55" hits="2" branch="false" />
              </lines>
            </method>
            <method name="Get" signature="(Weather.Operations.Entities.SourceRequestEntity)" line-rate="1" branch-rate="1" complexity="1">
              <lines>
                <line number="66" hits="4" branch="false" />
                <line number="68" hits="4" branch="false" />
                <line number="69" hits="4" branch="false" />
                <line number="70" hits="4" branch="false" />
                <line number="72" hits="4" branch="false" />
                <line number="73" hits="4" branch="false" />
              </lines>
            </method>
            <method name=".cctor" signature="()" line-rate="1" branch-rate="1" complexity="1">
              <lines>
                <line number="11" hits="1" branch="false" />
                <line number="20" hits="1" branch="false" />
                <line number="21" hits="1" branch="false" />
                <line number="22" hits="1" branch="false" />
                <line number="23" hits="1" branch="false" />
                <line number="24" hits="1" branch="false" />
                <line number="25" hits="1" branch="false" />
                <line number="26" hits="1" branch="false" />
                <line number="27" hits="1" branch="false" />
                <line number="28" hits="1" branch="false" />
                <line number="29" hits="1" branch="false" />
                <line number="30" hits="1" branch="false" />
              </lines>
            </method>
          </methods>
          <lines>
            <line number="11" hits="1" branch="false" />
            <line number="20" hits="1" branch="false" />
            <line number="21" hits="1" branch="false" />
            <line number="22" hits="1" branch="false" />
            <line number="23" hits="1" branch="false" />
            <line number="24" hits="1" branch="false" />
            <line number="25" hits="1" branch="false" />
            <line number="26" hits="1" branch="false" />
            <line number="27" hits="1" branch="false" />
            <line number="28" hits="1" branch="false" />
            <line number="29" hits="1" branch="false" />
            <line number="30" hits="1" branch="false" />
            <line number="39" hits="2" branch="false" />
            <line number="41" hits="2" branch="false" />
            <line number="43" hits="2" branch="false" />
            <line number="44" hits="2" branch="false" />
            <line number="48" hits="2" branch="false" />
            <line number="50" hits="2" branch="false" />
            <line number="52" hits="2" branch="false" />
            <line number="54" hits="2" branch="false" />
            <line number="55" hits="2" branch="false" />
            <line number="66" hits="4" branch="false" />
            <line number="68" hits="4" branch="false" />
            <line number="69" hits="4" branch="false" />
            <line number="70" hits="4" branch="false" />
            <line number="72" hits="4" branch="false" />
            <line number="73" hits="4" branch="false" />
          </lines>
        </class>
      </classes>
    </package>
    <package name="Weather.Operations.Entities" line-rate="1" branch-rate="1" complexity="4">
      <classes>
        <class name="Weather.Operations.Entities.SourceRequestEntity" filename="D:\Git\WeatherAPIS\WeatherAPIS\Operations.Entities\SourceRequestEntity.cs" line-rate="1" branch-rate="1" complexity="1">
          <methods>
            <method name="get_idSource" signature="()" line-rate="1" branch-rate="1" complexity="1">
              <lines>
                <line number="16" hits="6" branch="false" />
              </lines>
            </method>
          </methods>
          <lines>
            <line number="16" hits="6" branch="false" />
          </lines>
        </class>
        <class name="Weather.Operations.Entities.SourcesEntity" filename="D:\Git\WeatherAPIS\WeatherAPIS\Operations.Entities\SourcesEntity.cs" line-rate="1" branch-rate="1" complexity="3">
          <methods>
            <method name="get_idSource" signature="()" line-rate="1" branch-rate="1" complexity="1">
              <lines>
                <line number="8" hits="4" branch="false" />
              </lines>
            </method>
            <method name="get_Source" signature="()" line-rate="1" branch-rate="1" complexity="1">
              <lines>
                <line number="13" hits="4" branch="false" />
              </lines>
            </method>
            <method name="get_DataBaseName" signature="()" line-rate="1" branch-rate="1" complexity="1">
              <lines>
                <line number="18" hits="4" branch="false" />
              </lines>
            </method>
          </methods>
          <lines>
            <line number="8" hits="4" branch="false" />
            <line number="13" hits="4" branch="false" />
            <line number="18" hits="4" branch="false" />
          </lines>
        </class>
      </classes>
    </package>
  </packages>
</coverage>